<?xml version="1.0" encoding="UTF-8"?>
<!-- Generated by org.testng.reporters.JUnitReportReporter -->
<testsuite hostname="DESKTOP-HP2F03R" failures="0" tests="9" name="com.w2a.testcases.AddCustomerTest" time="13.905" errors="0" timestamp="14 Feb 2021 17:32:24 GMT" skipped="0">
  <testcase classname="com.w2a.testcases.AddCustomerTest" name="addCustomer" time="0.264"/>
  <testcase classname="com.w2a.testcases.AddCustomerTest" name="addCustomer" time="11.118"/>
  <testcase classname="com.w2a.testcases.AddCustomerTest" name="addCustomer" time="0.345"/>
  <testcase classname="com.w2a.testcases.AddCustomerTest" name="addCustomer" time="0.373"/>
  <testcase classname="com.w2a.testcases.AddCustomerTest" name="addCustomer" time="0.328"/>
  <testcase classname="com.w2a.testcases.AddCustomerTest" name="addCustomer" time="0.298"/>
  <testcase classname="com.w2a.testcases.AddCustomerTest" name="addCustomer" time="0.474"/>
  <testcase classname="com.w2a.testcases.AddCustomerTest" name="addCustomer" time="0.330"/>
  <testcase classname="com.w2a.testcases.AddCustomerTest" name="addCustomer" time="0.375"/>
</testsuite> <!-- com.w2a.testcases.AddCustomerTest -->
